[2025-10-10 15:45:33] local.ERROR: 2025-10-10 15:45:33_access_token_<error xmlns="http://docs.oasis-open.org/odata/ns/metadata"><code>Unauthorized</code><message>The credentials provided are incorrect</message></error>  
[2025-10-10 15:46:48] local.ERROR: 2025-10-10 15:46:48_access_token_<error xmlns="http://docs.oasis-open.org/odata/ns/metadata"><code>Unauthorized</code><message>The credentials provided are incorrect</message></error>  
[2025-10-10 15:47:15] local.ERROR: 2025-10-10 15:47:15_access_token_<error xmlns="http://docs.oasis-open.org/odata/ns/metadata"><code>Unauthorized</code><message>The credentials provided are incorrect</message></error>  
[2025-10-10 16:20:36] local.ERROR: 2025-10-10 16:20:35_access_token_<error xmlns="http://docs.oasis-open.org/odata/ns/metadata"><code>Unauthorized</code><message>The credentials provided are incorrect</message></error>  
[2025-10-10 16:22:43] local.ERROR: 2025-10-10 16:22:41_access_token_<error xmlns="http://docs.oasis-open.org/odata/ns/metadata"><code>Unauthorized</code><message>The credentials provided are incorrect</message></error>  
[2025-10-10 16:23:16] local.ERROR: 2025-10-10 16:23:14_access_token_<error xmlns="http://docs.oasis-open.org/odata/ns/metadata"><code>Unauthorized</code><message>The credentials provided are incorrect</message></error>  
[2025-10-10 16:24:16] local.ERROR: 2025-10-10 16:24:14_access_token_<error xmlns="http://docs.oasis-open.org/odata/ns/metadata"><code>Unauthorized</code><message>The credentials provided are incorrect</message></error>  
[2025-10-14 05:56:48] local.ERROR: 2025-10-14 05:56:44_access_token_<error xmlns="http://docs.oasis-open.org/odata/ns/metadata"><code>Unauthorized</code><message>The credentials provided are incorrect</message></error>  
[2025-10-14 06:25:41] local.ERROR: 2025-10-14 06:25:40_internet_connection{"message":"Too many error requests"}  
[2025-10-14 06:25:41] local.ERROR: 2025-10-14 06:25:37_access_token_{"error":{"code":"Authentication_InvalidCredentials","message":"The server has rejected the client credentials.  CorrelationId:  fa8b6f83-0218-4968-872b-cee5abffd618."}}  
[2025-10-14 06:25:41] local.ERROR: 2025-10-14 06:25:36_access_token_{"error":{"code":"Authentication_InvalidCredentials","message":"The server has rejected the client credentials.  CorrelationId:  6e901a7a-c1ca-41fa-8a56-a3c74c638aac."}}  
[2025-10-14 06:25:41] local.ERROR: 2025-10-14 06:25:36_access_token_{"error":{"code":"Authentication_InvalidCredentials","message":"The server has rejected the client credentials.  CorrelationId:  beaad208-41ef-4edd-adad-c08fc765db54."}}  
[2025-10-14 06:25:41] local.ERROR: 2025-10-14 06:25:35_access_token_{"error":{"code":"Authentication_InvalidCredentials","message":"The server has rejected the client credentials.  CorrelationId:  72896908-e3e7-463c-a81d-da62d6929eea."}}  
[2025-10-14 06:25:41] local.ERROR: 2025-10-14 06:25:34_access_token_{"error":{"code":"Authentication_InvalidCredentials","message":"The server has rejected the client credentials.  CorrelationId:  964aa7fc-eace-45ba-9eec-8b5616af9ca3."}}  
[2025-10-14 06:25:41] local.ERROR: 2025-10-14 06:25:33_access_token_{"error":{"code":"Authentication_InvalidCredentials","message":"The server has rejected the client credentials.  CorrelationId:  ab443dfa-7059-4d11-b6f5-91fc00113e87."}}  
[2025-10-14 06:25:41] local.ERROR: 2025-10-14 06:25:33_access_token_{"error":{"code":"Authentication_InvalidCredentials","message":"The server has rejected the client credentials.  CorrelationId:  ce530d02-87de-4556-93a3-b072539c3557."}}  
[2025-10-14 06:25:41] local.ERROR: 2025-10-14 06:25:32_access_token_{"error":{"code":"Authentication_InvalidCredentials","message":"The server has rejected the client credentials.  CorrelationId:  7eb7886b-da43-4ac4-9d11-436f3dcbe63a."}}  
[2025-10-14 06:25:41] local.ERROR: 2025-10-14 06:25:31_access_token_{"error":{"code":"Authentication_InvalidCredentials","message":"The server has rejected the client credentials.  CorrelationId:  17dd633c-912c-43d0-b2bb-4257803636ab."}}  
[2025-10-14 06:25:41] local.ERROR: 2025-10-14 06:25:30_access_token_{"error":{"code":"Authentication_InvalidCredentials","message":"The server has rejected the client credentials.  CorrelationId:  29bc5752-1dc6-47c0-a28f-562de20f5fe4."}}  
[2025-10-14 06:25:41] local.ERROR: 2025-10-14 06:25:29_access_token_{"error":{"code":"Authentication_InvalidCredentials","message":"The server has rejected the client credentials.  CorrelationId:  9b6612f5-e7fd-44d4-a286-997f0b90c73e."}}  
[2025-10-14 06:25:41] local.ERROR: 2025-10-14 06:25:29_access_token_{"error":{"code":"Authentication_InvalidCredentials","message":"The server has rejected the client credentials.  CorrelationId:  188755af-9829-4649-a8b2-95f50e5d5d83."}}  
[2025-10-14 06:25:41] local.ERROR: 2025-10-14 06:25:28_access_token_{"error":{"code":"Authentication_InvalidCredentials","message":"The server has rejected the client credentials.  CorrelationId:  e0189040-9f73-4643-be04-c1f1e8641fdb."}}  
[2025-10-14 06:25:41] local.ERROR: 2025-10-14 06:25:27_access_token_{"error":{"code":"Authentication_InvalidCredentials","message":"The server has rejected the client credentials.  CorrelationId:  150defd7-b798-4e6a-8b7c-05701f601cc7."}}  
[2025-10-14 06:25:41] local.ERROR: 2025-10-14 06:25:27_access_token_{"error":{"code":"Authentication_InvalidCredentials","message":"The server has rejected the client credentials.  CorrelationId:  26b102b9-866c-433b-b69d-f85ad51d1e02."}}  
[2025-10-14 06:25:41] local.ERROR: 2025-10-14 06:25:26_access_token_{"error":{"code":"Authentication_InvalidCredentials","message":"The server has rejected the client credentials.  CorrelationId:  4ef86b52-915b-4e4e-95c8-74927827d8cd."}}  
[2025-10-14 06:25:41] local.ERROR: 2025-10-14 06:25:25_access_token_{"error":{"code":"Authentication_InvalidCredentials","message":"The server has rejected the client credentials.  CorrelationId:  e4c0d3bf-8c04-4f1e-a125-6e6e7f0aafab."}}  
[2025-10-14 06:25:41] local.ERROR: 2025-10-14 06:25:24_access_token_{"error":{"code":"Authentication_InvalidCredentials","message":"The server has rejected the client credentials.  CorrelationId:  e97849c8-2c61-4c28-a0e5-aa7a03b0bca5."}}  
[2025-10-14 06:25:41] local.ERROR: 2025-10-14 06:25:24_access_token_{"error":{"code":"Authentication_InvalidCredentials","message":"The server has rejected the client credentials.  CorrelationId:  2884e0c8-da6f-429c-be70-4a7ed7cbb152."}}  
[2025-10-14 06:25:41] local.ERROR: 2025-10-14 06:25:23_access_token_{"error":{"code":"Authentication_InvalidCredentials","message":"The server has rejected the client credentials.  CorrelationId:  a8136168-e69b-45c5-b795-69df318571f0."}}  
[2025-10-14 06:25:41] local.ERROR: 2025-10-14 06:25:22_access_token_{"error":{"code":"Authentication_InvalidCredentials","message":"The server has rejected the client credentials.  CorrelationId:  4191cc70-7751-48ff-a3ac-37ef2a85a722."}}  
[2025-10-14 06:25:41] local.ERROR: 2025-10-14 06:25:21_access_token_{"error":{"code":"Authentication_InvalidCredentials","message":"The server has rejected the client credentials.  CorrelationId:  fc05985e-5da1-4c0c-91ae-3f959bba040d."}}  
[2025-10-14 06:25:41] local.ERROR: 2025-10-14 06:25:21_access_token_{"error":{"code":"Authentication_InvalidCredentials","message":"The server has rejected the client credentials.  CorrelationId:  a4705e7b-dc32-444c-9029-ab3512136275."}}  
[2025-10-14 06:25:41] local.ERROR: 2025-10-14 06:25:20_access_token_{"error":{"code":"Authentication_InvalidCredentials","message":"The server has rejected the client credentials.  CorrelationId:  828f0eff-4f21-4cc6-9d05-6ad7704b7a0d."}}  
[2025-10-14 06:25:41] local.ERROR: 2025-10-14 06:25:19_access_token_{"error":{"code":"Authentication_InvalidCredentials","message":"The server has rejected the client credentials.  CorrelationId:  a8790bf8-3f04-4142-ba1e-8d59b9383546."}}  
[2025-10-14 06:25:41] local.ERROR: 2025-10-14 06:25:18_access_token_{"error":{"code":"Authentication_InvalidCredentials","message":"The server has rejected the client credentials.  CorrelationId:  822b3485-9358-4e62-95e3-85bd541f57e7."}}  
[2025-10-14 06:25:41] local.ERROR: 2025-10-14 06:25:18_access_token_{"error":{"code":"Authentication_InvalidCredentials","message":"The server has rejected the client credentials.  CorrelationId:  428c77c1-b146-482b-ab68-0ba48e9ac5d1."}}  
[2025-10-14 06:25:41] local.ERROR: 2025-10-14 06:25:17_access_token_{"error":{"code":"Authentication_InvalidCredentials","message":"The server has rejected the client credentials.  CorrelationId:  93d222ee-66bc-49c3-9c1d-0e7d14905121."}}  
[2025-10-14 06:25:41] local.ERROR: 2025-10-14 06:25:16_access_token_{"error":{"code":"Authentication_InvalidCredentials","message":"The server has rejected the client credentials.  CorrelationId:  0d3b53c8-bee5-4ee3-8a9e-8b322ad46801."}}  
[2025-10-14 06:25:41] local.ERROR: 2025-10-14 06:25:15_access_token_{"error":{"code":"Authentication_InvalidCredentials","message":"The server has rejected the client credentials.  CorrelationId:  f3e692b6-612b-4d28-b767-e6d02a7ec48a."}}  
[2025-10-14 06:25:41] local.ERROR: 2025-10-14 06:25:15_access_token_{"error":{"code":"Authentication_InvalidCredentials","message":"The server has rejected the client credentials.  CorrelationId:  2407ea90-aa23-4ddd-906c-1cef8abac889."}}  
[2025-10-14 06:25:41] local.ERROR: 2025-10-14 06:25:14_access_token_{"error":{"code":"Authentication_InvalidCredentials","message":"The server has rejected the client credentials.  CorrelationId:  d5dbb988-f5af-4a44-a585-928ab74c59a7."}}  
[2025-10-14 06:25:41] local.ERROR: 2025-10-14 06:25:13_access_token_{"error":{"code":"Authentication_InvalidCredentials","message":"The server has rejected the client credentials.  CorrelationId:  bbdba411-487b-4ad2-a3e5-a4c230f98bd7."}}  
[2025-10-14 06:25:41] local.ERROR: 2025-10-14 06:25:12_access_token_{"error":{"code":"Authentication_InvalidCredentials","message":"The server has rejected the client credentials.  CorrelationId:  30c00e2a-260f-4120-853c-484a7f30811e."}}  
[2025-10-14 06:25:41] local.ERROR: 2025-10-14 06:25:11_access_token_{"error":{"code":"Authentication_InvalidCredentials","message":"The server has rejected the client credentials.  CorrelationId:  12fef96a-db3b-4f37-90dc-15e78b79322a."}}  
[2025-10-14 06:25:41] local.ERROR: 2025-10-14 06:25:11_access_token_{"error":{"code":"Authentication_InvalidCredentials","message":"The server has rejected the client credentials.  CorrelationId:  c2bb89eb-ae22-4dfa-b804-0aa865d4a54b."}}  
[2025-10-14 06:25:41] local.ERROR: 2025-10-14 06:25:10_access_token_{"error":{"code":"Authentication_InvalidCredentials","message":"The server has rejected the client credentials.  CorrelationId:  4cce1ade-1b2d-40f9-830e-a1fa7e079578."}}  
[2025-10-14 06:25:41] local.ERROR: 2025-10-14 06:25:09_access_token_{"error":{"code":"Authentication_InvalidCredentials","message":"The server has rejected the client credentials.  CorrelationId:  d8c7e2bc-f81d-4bea-8ba2-a99fa9c8fe74."}}  
[2025-10-14 06:25:41] local.ERROR: 2025-10-14 06:25:08_access_token_{"error":{"code":"Authentication_InvalidCredentials","message":"The server has rejected the client credentials.  CorrelationId:  1c6f93b2-b67c-4f17-99d4-32aa2b524d07."}}  
[2025-10-14 06:25:41] local.ERROR: 2025-10-14 06:25:07_access_token_{"error":{"code":"Authentication_InvalidCredentials","message":"The server has rejected the client credentials.  CorrelationId:  bc3096be-d86c-44f3-adc5-24b3a161929d."}}  
[2025-10-14 06:25:41] local.ERROR: 2025-10-14 06:25:06_access_token_{"error":{"code":"Authentication_InvalidCredentials","message":"The server has rejected the client credentials.  CorrelationId:  2f018cb6-888f-43ad-aa7c-14e0d94c621c."}}  
[2025-10-14 06:25:41] local.ERROR: 2025-10-14 06:25:05_access_token_{"error":{"code":"Authentication_InvalidCredentials","message":"The server has rejected the client credentials.  CorrelationId:  e700a436-e9fa-4a79-bc4f-a0b66aae5594."}}  
[2025-10-14 06:25:41] local.ERROR: 2025-10-14 06:25:05_access_token_{"error":{"code":"Authentication_InvalidCredentials","message":"The server has rejected the client credentials.  CorrelationId:  58d6a5aa-706e-4ec3-ab38-2fa888fbd306."}}  
[2025-10-14 06:25:41] local.ERROR: 2025-10-14 06:25:04_access_token_{"error":{"code":"Authentication_InvalidCredentials","message":"The server has rejected the client credentials.  CorrelationId:  b2dba191-1ce3-47fa-859c-39b4948902a2."}}  
[2025-10-14 06:25:41] local.ERROR: 2025-10-14 06:25:03_access_token_{"error":{"code":"Authentication_InvalidCredentials","message":"The server has rejected the client credentials.  CorrelationId:  9750b7be-c4f5-4e43-985f-e8ce1f5e257f."}}  
[2025-10-14 06:25:41] local.ERROR: 2025-10-14 06:25:02_access_token_{"error":{"code":"Authentication_InvalidCredentials","message":"The server has rejected the client credentials.  CorrelationId:  0d2c48b6-61c6-41e6-b13b-2a9275015c1a."}}  
[2025-10-14 06:25:41] local.ERROR: 2025-10-14 06:25:01_access_token_{"error":{"code":"Authentication_InvalidCredentials","message":"The server has rejected the client credentials.  CorrelationId:  c5f13cd2-e8b8-4a8a-ae3d-c1d85b82b849."}}  
[2025-10-14 06:25:41] local.ERROR: 2025-10-14 06:25:01_access_token_{"error":{"code":"Authentication_InvalidCredentials","message":"The server has rejected the client credentials.  CorrelationId:  03d471e1-440a-444b-a443-42a48a86bd35."}}  
[2025-10-14 06:25:41] local.ERROR: 2025-10-14 06:24:59_access_token_{"error":{"code":"Authentication_InvalidCredentials","message":"The server has rejected the client credentials.  CorrelationId:  7ab74061-27df-49dd-b897-d6f86b2d5081."}}  
[2025-10-14 06:25:41] local.ERROR: 2025-10-14 06:24:57_access_token_{"error":{"code":"Authentication_InvalidCredentials","message":"The server has rejected the client credentials.  CorrelationId:  896ee9df-ab16-4baf-ba86-8bf9db037f35."}}  
[2025-10-14 06:26:29] local.ERROR: 2025-10-14 06:26:29_internet_connection{"message":"Too many error requests"}  
[2025-10-14 06:26:29] local.ERROR: 2025-10-14 06:26:26_access_token_{"error":{"code":"Authentication_InvalidCredentials","message":"The server has rejected the client credentials.  CorrelationId:  47652f19-002e-44f1-a0ed-3bf6d51bd1c9."}}  
[2025-10-14 06:26:29] local.ERROR: 2025-10-14 06:26:25_access_token_{"error":{"code":"Authentication_InvalidCredentials","message":"The server has rejected the client credentials.  CorrelationId:  eaf8466d-5a16-4351-bb66-1381649361b6."}}  
[2025-10-14 06:26:29] local.ERROR: 2025-10-14 06:26:24_access_token_{"error":{"code":"Authentication_InvalidCredentials","message":"The server has rejected the client credentials.  CorrelationId:  df4ab61e-241a-4123-8c3b-3ff396533c21."}}  
[2025-10-14 06:26:29] local.ERROR: 2025-10-14 06:26:23_access_token_{"error":{"code":"Authentication_InvalidCredentials","message":"The server has rejected the client credentials.  CorrelationId:  4e528be2-7999-43e5-8803-dd6ceea82101."}}  
[2025-10-14 06:26:29] local.ERROR: 2025-10-14 06:26:22_access_token_{"error":{"code":"Authentication_InvalidCredentials","message":"The server has rejected the client credentials.  CorrelationId:  5da5eec0-45aa-4013-90ed-dbbae9ce3356."}}  
[2025-10-14 06:26:29] local.ERROR: 2025-10-14 06:26:21_access_token_{"error":{"code":"Authentication_InvalidCredentials","message":"The server has rejected the client credentials.  CorrelationId:  0ee5a58e-b406-4771-bf7f-54cdb4da2f66."}}  
[2025-10-14 06:26:29] local.ERROR: 2025-10-14 06:26:21_access_token_{"error":{"code":"Authentication_InvalidCredentials","message":"The server has rejected the client credentials.  CorrelationId:  83e1fca5-7e20-4328-b19a-65bbbd2f0807."}}  
[2025-10-14 06:26:29] local.ERROR: 2025-10-14 06:26:20_access_token_{"error":{"code":"Authentication_InvalidCredentials","message":"The server has rejected the client credentials.  CorrelationId:  94f49103-c264-456e-b5cd-069cb06a5125."}}  
[2025-10-14 06:26:29] local.ERROR: 2025-10-14 06:26:19_access_token_{"error":{"code":"Authentication_InvalidCredentials","message":"The server has rejected the client credentials.  CorrelationId:  ea6d19e9-1edb-49cb-9db0-2bbf6858213c."}}  
[2025-10-14 06:26:29] local.ERROR: 2025-10-14 06:26:18_access_token_{"error":{"code":"Authentication_InvalidCredentials","message":"The server has rejected the client credentials.  CorrelationId:  ec96ab59-58cf-48e2-841c-7a8981a0fe6a."}}  
[2025-10-14 06:26:29] local.ERROR: 2025-10-14 06:26:18_access_token_{"error":{"code":"Authentication_InvalidCredentials","message":"The server has rejected the client credentials.  CorrelationId:  6e998b60-aea9-4eb6-a69b-c81eaf5df629."}}  
[2025-10-14 06:26:29] local.ERROR: 2025-10-14 06:26:17_access_token_{"error":{"code":"Authentication_InvalidCredentials","message":"The server has rejected the client credentials.  CorrelationId:  a4749b36-c2c8-4733-9852-a54544c61859."}}  
[2025-10-14 06:26:29] local.ERROR: 2025-10-14 06:26:16_access_token_{"error":{"code":"Authentication_InvalidCredentials","message":"The server has rejected the client credentials.  CorrelationId:  5f143c2d-1999-4f2a-ba82-0a5aa8343639."}}  
[2025-10-14 06:26:29] local.ERROR: 2025-10-14 06:26:14_access_token_{"error":{"code":"Authentication_InvalidCredentials","message":"The server has rejected the client credentials.  CorrelationId:  f39d8818-f7c3-4103-9348-38f355e2f8c9."}}  
[2025-10-14 06:26:29] local.ERROR: 2025-10-14 06:26:13_access_token_{"error":{"code":"Authentication_InvalidCredentials","message":"The server has rejected the client credentials.  CorrelationId:  35f71a29-1d34-4816-924b-124b5f32ce39."}}  
[2025-10-14 06:26:29] local.ERROR: 2025-10-14 06:26:12_access_token_{"error":{"code":"Authentication_InvalidCredentials","message":"The server has rejected the client credentials.  CorrelationId:  325be2cc-88a5-4c40-b917-478788a55d48."}}  
[2025-10-14 06:26:29] local.ERROR: 2025-10-14 06:26:11_access_token_{"error":{"code":"Authentication_InvalidCredentials","message":"The server has rejected the client credentials.  CorrelationId:  93171912-f94d-474a-a027-e8047c79e3c5."}}  
[2025-10-14 06:26:29] local.ERROR: 2025-10-14 06:26:10_access_token_{"error":{"code":"Authentication_InvalidCredentials","message":"The server has rejected the client credentials.  CorrelationId:  db4d8d86-e67e-40c9-ac18-848195732360."}}  
[2025-10-14 06:26:29] local.ERROR: 2025-10-14 06:26:09_access_token_{"error":{"code":"Authentication_InvalidCredentials","message":"The server has rejected the client credentials.  CorrelationId:  7bf455ae-f24c-4488-820e-4b2310affca4."}}  
[2025-10-14 06:26:29] local.ERROR: 2025-10-14 06:26:08_access_token_{"error":{"code":"Authentication_InvalidCredentials","message":"The server has rejected the client credentials.  CorrelationId:  c9330e12-9639-4c6c-a22d-3327650563cb."}}  
[2025-10-14 06:26:29] local.ERROR: 2025-10-14 06:26:07_access_token_{"error":{"code":"Authentication_InvalidCredentials","message":"The server has rejected the client credentials.  CorrelationId:  def87866-d0b3-4488-8661-e854df9189a1."}}  
[2025-10-14 06:26:29] local.ERROR: 2025-10-14 06:26:07_access_token_{"error":{"code":"Authentication_InvalidCredentials","message":"The server has rejected the client credentials.  CorrelationId:  d1261224-bc0f-4080-9a2b-9205b991cdde."}}  
[2025-10-14 06:26:29] local.ERROR: 2025-10-14 06:26:06_access_token_{"error":{"code":"Authentication_InvalidCredentials","message":"The server has rejected the client credentials.  CorrelationId:  8ccaacbc-e11f-4653-b61b-f4849409f9c6."}}  
[2025-10-14 06:26:29] local.ERROR: 2025-10-14 06:26:05_access_token_{"error":{"code":"Authentication_InvalidCredentials","message":"The server has rejected the client credentials.  CorrelationId:  007cebe7-48aa-4c00-aee5-cbc5a10d5e23."}}  
[2025-10-14 06:26:29] local.ERROR: 2025-10-14 06:26:04_access_token_{"error":{"code":"Authentication_InvalidCredentials","message":"The server has rejected the client credentials.  CorrelationId:  4a0231c2-5985-4bc1-b7ed-a25739d88c74."}}  
[2025-10-14 06:26:29] local.ERROR: 2025-10-14 06:26:03_access_token_{"error":{"code":"Authentication_InvalidCredentials","message":"The server has rejected the client credentials.  CorrelationId:  38208083-b05c-42b0-b60e-2abc938f703d."}}  
[2025-10-14 06:26:29] local.ERROR: 2025-10-14 06:26:02_access_token_{"error":{"code":"Authentication_InvalidCredentials","message":"The server has rejected the client credentials.  CorrelationId:  3bfae76b-6003-4671-942e-2f4db61479f5."}}  
[2025-10-14 06:26:29] local.ERROR: 2025-10-14 06:26:01_access_token_{"error":{"code":"Authentication_InvalidCredentials","message":"The server has rejected the client credentials.  CorrelationId:  8d07ba18-39bb-4d9d-8355-898dc4176bbd."}}  
[2025-10-14 06:26:29] local.ERROR: 2025-10-14 06:26:00_access_token_{"error":{"code":"Authentication_InvalidCredentials","message":"The server has rejected the client credentials.  CorrelationId:  e49daa01-e507-4f40-b63f-ff1356f514c9."}}  
[2025-10-14 06:26:29] local.ERROR: 2025-10-14 06:25:59_access_token_{"error":{"code":"Authentication_InvalidCredentials","message":"The server has rejected the client credentials.  CorrelationId:  6bad3aa8-d82f-419a-aede-5f1d2312bc24."}}  
[2025-10-14 06:26:29] local.ERROR: 2025-10-14 06:25:58_access_token_{"error":{"code":"Authentication_InvalidCredentials","message":"The server has rejected the client credentials.  CorrelationId:  76715456-51ed-40b7-a24c-cea0e741c3db."}}  
[2025-10-14 06:26:29] local.ERROR: 2025-10-14 06:25:58_access_token_{"error":{"code":"Authentication_InvalidCredentials","message":"The server has rejected the client credentials.  CorrelationId:  292cf80a-1748-4f6d-85bc-cd2b976c54f6."}}  
[2025-10-14 06:26:29] local.ERROR: 2025-10-14 06:25:57_access_token_{"error":{"code":"Authentication_InvalidCredentials","message":"The server has rejected the client credentials.  CorrelationId:  9e0157b1-585a-4188-8e33-d15ac9c45718."}}  
[2025-10-14 06:26:29] local.ERROR: 2025-10-14 06:25:56_access_token_{"error":{"code":"Authentication_InvalidCredentials","message":"The server has rejected the client credentials.  CorrelationId:  427faabb-5a50-41b8-b1aa-00d853d336bc."}}  
[2025-10-14 06:26:29] local.ERROR: 2025-10-14 06:25:55_access_token_{"error":{"code":"Authentication_InvalidCredentials","message":"The server has rejected the client credentials.  CorrelationId:  998105a7-7493-4af9-924d-d6297f190b75."}}  
[2025-10-14 06:26:29] local.ERROR: 2025-10-14 06:25:55_access_token_{"error":{"code":"Authentication_InvalidCredentials","message":"The server has rejected the client credentials.  CorrelationId:  8d8bc9f1-f3f9-4769-a58f-90b1343f2f67."}}  
[2025-10-14 06:26:29] local.ERROR: 2025-10-14 06:25:54_access_token_{"error":{"code":"Authentication_InvalidCredentials","message":"The server has rejected the client credentials.  CorrelationId:  0d9f11e0-db14-4225-8abb-a9993ccbe51b."}}  
[2025-10-14 06:26:29] local.ERROR: 2025-10-14 06:25:53_access_token_{"error":{"code":"Authentication_InvalidCredentials","message":"The server has rejected the client credentials.  CorrelationId:  f892dce9-b665-44ea-b282-663e3614ada6."}}  
[2025-10-14 06:26:29] local.ERROR: 2025-10-14 06:25:52_access_token_{"error":{"code":"Authentication_InvalidCredentials","message":"The server has rejected the client credentials.  CorrelationId:  efcaed81-381f-49d9-bd6d-e1efae790a35."}}  
[2025-10-14 06:26:29] local.ERROR: 2025-10-14 06:25:52_access_token_{"error":{"code":"Authentication_InvalidCredentials","message":"The server has rejected the client credentials.  CorrelationId:  d468c311-73d5-4896-8127-d18429fc5b1b."}}  
[2025-10-14 06:26:29] local.ERROR: 2025-10-14 06:25:51_access_token_{"error":{"code":"Authentication_InvalidCredentials","message":"The server has rejected the client credentials.  CorrelationId:  8d326d27-44f8-44b8-91ef-b2634fccb1e3."}}  
[2025-10-14 06:26:29] local.ERROR: 2025-10-14 06:25:50_access_token_{"error":{"code":"Authentication_InvalidCredentials","message":"The server has rejected the client credentials.  CorrelationId:  38dcb9dd-2e73-4f39-9a92-39610d24aef6."}}  
[2025-10-14 06:26:29] local.ERROR: 2025-10-14 06:25:49_access_token_{"error":{"code":"Authentication_InvalidCredentials","message":"The server has rejected the client credentials.  CorrelationId:  bc4e14a7-026d-4ca1-87b4-470b760b8aa9."}}  
[2025-10-14 06:26:29] local.ERROR: 2025-10-14 06:25:48_access_token_{"error":{"code":"Authentication_InvalidCredentials","message":"The server has rejected the client credentials.  CorrelationId:  02abfa98-3376-4615-a58f-75b26f6fcb5a."}}  
[2025-10-14 06:26:29] local.ERROR: 2025-10-14 06:25:48_access_token_{"error":{"code":"Authentication_InvalidCredentials","message":"The server has rejected the client credentials.  CorrelationId:  44309296-c19b-45e0-9d29-72ba6a6ab012."}}  
[2025-10-14 06:26:29] local.ERROR: 2025-10-14 06:25:47_access_token_{"error":{"code":"Authentication_InvalidCredentials","message":"The server has rejected the client credentials.  CorrelationId:  f6eacb28-98b1-41ff-b599-c6efa3ccdf68."}}  
[2025-10-14 06:26:29] local.ERROR: 2025-10-14 06:25:46_access_token_{"error":{"code":"Authentication_InvalidCredentials","message":"The server has rejected the client credentials.  CorrelationId:  26a248c2-5d3d-43d0-ad31-7a51c3d8a2a7."}}  
[2025-10-14 06:26:29] local.ERROR: 2025-10-14 06:25:45_access_token_{"error":{"code":"Authentication_InvalidCredentials","message":"The server has rejected the client credentials.  CorrelationId:  ed855b94-e210-4af1-8eba-f273f3094ff3."}}  
[2025-10-14 06:26:29] local.ERROR: 2025-10-14 06:25:44_access_token_{"error":{"code":"Authentication_InvalidCredentials","message":"The server has rejected the client credentials.  CorrelationId:  baa356b8-83ba-425d-a76b-750b7619442a."}}  
[2025-10-14 06:26:29] local.ERROR: 2025-10-14 06:25:43_access_token_{"error":{"code":"Authentication_InvalidCredentials","message":"The server has rejected the client credentials.  CorrelationId:  786b4983-59cd-4510-9e97-20b2f1c18ff3."}}  
[2025-10-14 06:29:59] local.ERROR: 2025-10-14 06:29:59_internet_connection{"message":"Too many error requests"}  
[2025-10-14 06:29:59] local.ERROR: 2025-10-14 06:29:55_access_token_{"error":{"code":"Authentication_InvalidCredentials","message":"The server has rejected the client credentials.  CorrelationId:  96a6ff71-a605-4187-9621-5a2051dd4bd3."}}  
[2025-10-14 06:29:59] local.ERROR: 2025-10-14 06:29:54_access_token_{"error":{"code":"Authentication_InvalidCredentials","message":"The server has rejected the client credentials.  CorrelationId:  87e8aacd-7dda-4b0f-9f8f-acf756ac4397."}}  
[2025-10-14 06:29:59] local.ERROR: 2025-10-14 06:29:54_access_token_{"error":{"code":"Authentication_InvalidCredentials","message":"The server has rejected the client credentials.  CorrelationId:  64692ad1-a3c3-47b0-8398-8a007ca5796b."}}  
[2025-10-14 06:29:59] local.ERROR: 2025-10-14 06:29:50_access_token_{"error":{"code":"Authentication_InvalidCredentials","message":"The server has rejected the client credentials.  CorrelationId:  6314bfed-90c5-416a-9ba2-1e4de1211bba."}}  
[2025-10-14 06:29:59] local.ERROR: 2025-10-14 06:29:49_access_token_{"error":{"code":"Authentication_InvalidCredentials","message":"The server has rejected the client credentials.  CorrelationId:  60a159c7-497a-402d-b896-7a58768e65e1."}}  
[2025-10-14 06:29:59] local.ERROR: 2025-10-14 06:29:49_access_token_{"error":{"code":"Authentication_InvalidCredentials","message":"The server has rejected the client credentials.  CorrelationId:  d2f1cf58-b062-4b9a-89ac-d03ce086f109."}}  
[2025-10-14 06:29:59] local.ERROR: 2025-10-14 06:29:48_access_token_{"error":{"code":"Authentication_InvalidCredentials","message":"The server has rejected the client credentials.  CorrelationId:  dded3af3-3688-4245-82b5-40ef2fed75d3."}}  
[2025-10-14 06:29:59] local.ERROR: 2025-10-14 06:29:47_access_token_{"error":{"code":"Authentication_InvalidCredentials","message":"The server has rejected the client credentials.  CorrelationId:  7907db52-0ecb-411a-9e54-71896e8cbc72."}}  
[2025-10-14 06:29:59] local.ERROR: 2025-10-14 06:29:46_access_token_{"error":{"code":"Authentication_InvalidCredentials","message":"The server has rejected the client credentials.  CorrelationId:  99540ab8-2c81-4171-9106-e75f5358f1f7."}}  
[2025-10-14 06:29:59] local.ERROR: 2025-10-14 06:29:45_access_token_{"error":{"code":"Authentication_InvalidCredentials","message":"The server has rejected the client credentials.  CorrelationId:  c7d02fe1-3cbd-403a-9a63-25e0f4ce280a."}}  
[2025-10-14 06:29:59] local.ERROR: 2025-10-14 06:29:45_access_token_{"error":{"code":"Authentication_InvalidCredentials","message":"The server has rejected the client credentials.  CorrelationId:  aa6e49a3-7932-43da-be6a-c51dffeba681."}}  
[2025-10-14 06:29:59] local.ERROR: 2025-10-14 06:29:44_access_token_{"error":{"code":"Authentication_InvalidCredentials","message":"The server has rejected the client credentials.  CorrelationId:  569bd3a6-9dae-40a9-8fb5-d1e94bb24647."}}  
[2025-10-14 06:29:59] local.ERROR: 2025-10-14 06:29:43_access_token_{"error":{"code":"Authentication_InvalidCredentials","message":"The server has rejected the client credentials.  CorrelationId:  9bb33a7c-6a93-477e-ba81-0441e1f193c3."}}  
[2025-10-14 06:29:59] local.ERROR: 2025-10-14 06:29:42_access_token_{"error":{"code":"Authentication_InvalidCredentials","message":"The server has rejected the client credentials.  CorrelationId:  56a7cfe5-f15d-4e76-809d-43b5011ed0ef."}}  
[2025-10-14 06:29:59] local.ERROR: 2025-10-14 06:29:42_access_token_{"error":{"code":"Authentication_InvalidCredentials","message":"The server has rejected the client credentials.  CorrelationId:  3ec98c41-1432-4f88-b285-633a86f20be8."}}  
[2025-10-14 06:29:59] local.ERROR: 2025-10-14 06:29:41_access_token_{"error":{"code":"Authentication_InvalidCredentials","message":"The server has rejected the client credentials.  CorrelationId:  5a544946-f9c7-432e-8f4a-fb3c861763c1."}}  
[2025-10-14 06:29:59] local.ERROR: 2025-10-14 06:29:40_access_token_{"error":{"code":"Authentication_InvalidCredentials","message":"The server has rejected the client credentials.  CorrelationId:  55591640-96e0-4768-9878-486e8cdc5532."}}  
[2025-10-14 06:29:59] local.ERROR: 2025-10-14 06:29:39_access_token_{"error":{"code":"Authentication_InvalidCredentials","message":"The server has rejected the client credentials.  CorrelationId:  51789021-4852-46cb-a3b3-04ccc09cc629."}}  
[2025-10-14 06:29:59] local.ERROR: 2025-10-14 06:29:38_access_token_{"error":{"code":"Authentication_InvalidCredentials","message":"The server has rejected the client credentials.  CorrelationId:  152127e1-7d73-4198-93ec-9311b6947544."}}  
[2025-10-14 06:29:59] local.ERROR: 2025-10-14 06:29:37_access_token_{"error":{"code":"Authentication_InvalidCredentials","message":"The server has rejected the client credentials.  CorrelationId:  775711ef-2699-4f0e-88a1-ecfa4ed12545."}}  
[2025-10-14 06:29:59] local.ERROR: 2025-10-14 06:29:36_access_token_{"error":{"code":"Authentication_InvalidCredentials","message":"The server has rejected the client credentials.  CorrelationId:  63effaa8-a5d3-4872-87e2-06524a87a7aa."}}  
[2025-10-14 06:29:59] local.ERROR: 2025-10-14 06:29:36_access_token_{"error":{"code":"Authentication_InvalidCredentials","message":"The server has rejected the client credentials.  CorrelationId:  eb791e4f-be70-4bad-b01f-022ceae4b362."}}  
[2025-10-14 06:29:59] local.ERROR: 2025-10-14 06:29:35_access_token_{"error":{"code":"Authentication_InvalidCredentials","message":"The server has rejected the client credentials.  CorrelationId:  ddb6b919-03bc-4eaf-ae01-f377cdd84705."}}  
[2025-10-14 06:29:59] local.ERROR: 2025-10-14 06:29:34_access_token_{"error":{"code":"Authentication_InvalidCredentials","message":"The server has rejected the client credentials.  CorrelationId:  1d3396c0-8c39-4249-b9a2-1120ee793324."}}  
[2025-10-14 06:29:59] local.ERROR: 2025-10-14 06:29:33_access_token_{"error":{"code":"Authentication_InvalidCredentials","message":"The server has rejected the client credentials.  CorrelationId:  c5cde19a-7f38-4707-885e-0b41388c687b."}}  
[2025-10-14 06:29:59] local.ERROR: 2025-10-14 06:29:32_access_token_{"error":{"code":"Authentication_InvalidCredentials","message":"The server has rejected the client credentials.  CorrelationId:  1951d8a2-0d4e-449f-9323-03b5ddaed075."}}  
[2025-10-14 06:29:59] local.ERROR: 2025-10-14 06:29:31_access_token_{"error":{"code":"Authentication_InvalidCredentials","message":"The server has rejected the client credentials.  CorrelationId:  c29ba59b-eb44-452d-8617-f5a670ef89ca."}}  
[2025-10-14 06:29:59] local.ERROR: 2025-10-14 06:29:30_access_token_{"error":{"code":"Authentication_InvalidCredentials","message":"The server has rejected the client credentials.  CorrelationId:  5857ce0e-3d65-4fc1-941f-8dbbcea7dc29."}}  
[2025-10-14 06:29:59] local.ERROR: 2025-10-14 06:29:29_access_token_{"error":{"code":"Authentication_InvalidCredentials","message":"The server has rejected the client credentials.  CorrelationId:  45cad283-c086-4089-b463-d01331f5710b."}}  
[2025-10-14 06:29:59] local.ERROR: 2025-10-14 06:29:28_access_token_{"error":{"code":"Authentication_InvalidCredentials","message":"The server has rejected the client credentials.  CorrelationId:  eaa776c7-954e-4504-ba6d-c1ecfb9b5103."}}  
[2025-10-14 06:29:59] local.ERROR: 2025-10-14 06:29:27_access_token_{"error":{"code":"Authentication_InvalidCredentials","message":"The server has rejected the client credentials.  CorrelationId:  d3a936ba-3ed6-475c-87a0-f497435baca8."}}  
[2025-10-14 06:29:59] local.ERROR: 2025-10-14 06:29:27_access_token_{"error":{"code":"Authentication_InvalidCredentials","message":"The server has rejected the client credentials.  CorrelationId:  f04f772d-85f9-4875-a8d2-3a4e4c642d95."}}  
[2025-10-14 06:29:59] local.ERROR: 2025-10-14 06:29:26_access_token_{"error":{"code":"Authentication_InvalidCredentials","message":"The server has rejected the client credentials.  CorrelationId:  4b8c1ec5-89f7-4176-b004-59923536d09a."}}  
[2025-10-14 06:29:59] local.ERROR: 2025-10-14 06:29:25_access_token_{"error":{"code":"Authentication_InvalidCredentials","message":"The server has rejected the client credentials.  CorrelationId:  8e467341-7880-4fc2-a829-4239844fd9e1."}}  
[2025-10-14 06:29:59] local.ERROR: 2025-10-14 06:29:24_access_token_{"error":{"code":"Authentication_InvalidCredentials","message":"The server has rejected the client credentials.  CorrelationId:  fc0c0c73-ae8b-4745-b574-be9f20c1c325."}}  
[2025-10-14 06:29:59] local.ERROR: 2025-10-14 06:29:23_access_token_{"error":{"code":"Authentication_InvalidCredentials","message":"The server has rejected the client credentials.  CorrelationId:  d03c62e1-15c9-4cc7-9bf5-8f80e937a36f."}}  
[2025-10-14 06:29:59] local.ERROR: 2025-10-14 06:29:22_access_token_{"error":{"code":"Authentication_InvalidCredentials","message":"The server has rejected the client credentials.  CorrelationId:  084d0fa1-a2d4-44ea-abc2-db4e53326a81."}}  
[2025-10-14 06:29:59] local.ERROR: 2025-10-14 06:29:21_access_token_{"error":{"code":"Authentication_InvalidCredentials","message":"The server has rejected the client credentials.  CorrelationId:  6488ac95-8f3a-4527-a236-f429369c6c52."}}  
[2025-10-14 06:29:59] local.ERROR: 2025-10-14 06:29:20_access_token_{"error":{"code":"Authentication_InvalidCredentials","message":"The server has rejected the client credentials.  CorrelationId:  25771bc7-8e92-4706-9dcd-4df93f6f043e."}}  
[2025-10-14 06:29:59] local.ERROR: 2025-10-14 06:29:20_access_token_{"error":{"code":"Authentication_InvalidCredentials","message":"The server has rejected the client credentials.  CorrelationId:  936e3370-5289-4f47-a00b-a7e70d44b416."}}  
[2025-10-14 06:29:59] local.ERROR: 2025-10-14 06:29:19_access_token_{"error":{"code":"Authentication_InvalidCredentials","message":"The server has rejected the client credentials.  CorrelationId:  944e9dd0-32db-4069-830a-671db66841d5."}}  
[2025-10-14 06:29:59] local.ERROR: 2025-10-14 06:29:17_access_token_{"error":{"code":"Authentication_InvalidCredentials","message":"The server has rejected the client credentials.  CorrelationId:  54d4f1d1-2c8b-40a4-8f95-4ff8be06bd13."}}  
[2025-10-14 06:29:59] local.ERROR: 2025-10-14 06:29:17_access_token_{"error":{"code":"Authentication_InvalidCredentials","message":"The server has rejected the client credentials.  CorrelationId:  ecaac013-cbf5-4875-8255-75e60787ec34."}}  
[2025-10-14 06:29:59] local.ERROR: 2025-10-14 06:29:16_access_token_{"error":{"code":"Authentication_InvalidCredentials","message":"The server has rejected the client credentials.  CorrelationId:  acc671a7-29ba-4b2c-93a9-5cbb8a2a8b50."}}  
[2025-10-14 06:29:59] local.ERROR: 2025-10-14 06:29:15_access_token_{"error":{"code":"Authentication_InvalidCredentials","message":"The server has rejected the client credentials.  CorrelationId:  2e8b2062-af69-48aa-a684-49ba468f83d3."}}  
[2025-10-14 06:29:59] local.ERROR: 2025-10-14 06:29:14_access_token_{"error":{"code":"Authentication_InvalidCredentials","message":"The server has rejected the client credentials.  CorrelationId:  7779e2ac-15c1-4206-894d-7995e9f9c1d8."}}  
[2025-10-14 06:29:59] local.ERROR: 2025-10-14 06:29:13_access_token_{"error":{"code":"Authentication_InvalidCredentials","message":"The server has rejected the client credentials.  CorrelationId:  66a6e91a-017e-4335-b40b-2041c803ff5d."}}  
[2025-10-14 06:29:59] local.ERROR: 2025-10-14 06:29:13_access_token_{"error":{"code":"Authentication_InvalidCredentials","message":"The server has rejected the client credentials.  CorrelationId:  7bfb115f-53ae-4eb6-b063-4b23a0ea103c."}}  
[2025-10-14 06:29:59] local.ERROR: 2025-10-14 06:29:12_access_token_{"error":{"code":"Authentication_InvalidCredentials","message":"The server has rejected the client credentials.  CorrelationId:  28af0303-57e8-47a2-a9d9-599c5d6c0757."}}  
[2025-10-14 06:29:59] local.ERROR: 2025-10-14 06:29:10_access_token_{"error":{"code":"Authentication_InvalidCredentials","message":"The server has rejected the client credentials.  CorrelationId:  694bbf14-2184-4a19-a040-8cba782d5141."}}  
[2025-10-14 07:38:34] local.ERROR: 2025-10-14 07:38:33_access_token_<error xmlns="http://docs.oasis-open.org/odata/ns/metadata"><code>Unauthorized</code><message>The credentials provided are incorrect</message></error>  
[2025-10-14 08:54:41] local.ERROR: 2025-10-14 08:54:40_access_token_<error xmlns="http://docs.oasis-open.org/odata/ns/metadata"><code>Unauthorized</code><message>The credentials provided are incorrect</message></error>  
[2025-10-16 16:50:06] local.ERROR: 2025-10-16 16:50:03_access_token_<error xmlns="http://docs.oasis-open.org/odata/ns/metadata"><code>Unauthorized</code><message>The credentials provided are incorrect</message></error>  
[2025-10-18 07:34:14] local.ERROR: 2025-10-18 07:34:12_access_token_<error xmlns="http://docs.oasis-open.org/odata/ns/metadata"><code>Unauthorized</code><message>The credentials provided are incorrect</message></error>  
[2025-10-19 08:32:08] local.ERROR: 2025-10-19 08:31:59_access_token_<error xmlns="http://docs.oasis-open.org/odata/ns/metadata"><code>Unauthorized</code><message>The credentials provided are incorrect</message></error>  
