[2025-10-20 14:51:43] local.ERROR: Maximum execution time of 30 seconds exceeded {"userId":1,"exception":"[object] (Symfony\\Component\\ErrorHandler\\Error\\FatalError(code: 0): Maximum execution time of 30 seconds exceeded at C:\\Development\\Laravel Development\\graffins-college-admission-portal\\app\\Http\\Controllers\\BusinessCentralSoapController.php:93)
[stacktrace]
#0 {main}
"} 
[2025-10-20 14:52:33] local.ERROR: Maximum execution time of 30 seconds exceeded {"userId":1,"exception":"[object] (Symfony\\Component\\ErrorHandler\\Error\\FatalError(code: 0): Maximum execution time of 30 seconds exceeded at C:\\Development\\Laravel Development\\graffins-college-admission-portal\\app\\Http\\Controllers\\BusinessCentralSoapController.php:93)
[stacktrace]
#0 {main}
"} 
[2025-10-20 14:53:06] local.ERROR: Maximum execution time of 30 seconds exceeded {"userId":1,"exception":"[object] (Symfony\\Component\\ErrorHandler\\Error\\FatalError(code: 0): Maximum execution time of 30 seconds exceeded at C:\\Development\\Laravel Development\\graffins-college-admission-portal\\app\\Http\\Controllers\\BusinessCentralSoapController.php:93)
[stacktrace]
#0 {main}
"} 
[2025-10-20 15:12:26] local.ERROR: syntax error, unexpected variable "$soapClient" {"exception":"[object] (ParseError(code: 0): syntax error, unexpected variable \"$soapClient\" at C:\\Development\\Laravel Development\\graffins-college-admission-portal\\app\\Http\\Controllers\\BusinessCentralSoapController.php:91)
[stacktrace]
#0 C:\\Development\\Laravel Development\\graffins-college-admission-portal\\vendor\\composer\\ClassLoader.php(427): {closure:Composer\\Autoload\\ClassLoader::initializeIncludeClosure():575}()
#1 [internal function]: Composer\\Autoload\\ClassLoader->loadClass()
#2 C:\\Development\\Laravel Development\\graffins-college-admission-portal\\vendor\\laravel\\framework\\src\\Illuminate\\Routing\\Route.php(1117): is_a()
#3 C:\\Development\\Laravel Development\\graffins-college-admission-portal\\vendor\\laravel\\framework\\src\\Illuminate\\Routing\\Route.php(1054): Illuminate\\Routing\\Route->controllerMiddleware()
#4 C:\\Development\\Laravel Development\\graffins-college-admission-portal\\vendor\\laravel\\framework\\src\\Illuminate\\Routing\\Router.php(820): Illuminate\\Routing\\Route->gatherMiddleware()
#5 C:\\Development\\Laravel Development\\graffins-college-admission-portal\\vendor\\laravel\\framework\\src\\Illuminate\\Routing\\Router.php(802): Illuminate\\Routing\\Router->gatherRouteMiddleware()
#6 C:\\Development\\Laravel Development\\graffins-college-admission-portal\\vendor\\laravel\\framework\\src\\Illuminate\\Routing\\Router.php(786): Illuminate\\Routing\\Router->runRouteWithinStack()
#7 C:\\Development\\Laravel Development\\graffins-college-admission-portal\\vendor\\laravel\\framework\\src\\Illuminate\\Routing\\Router.php(750): Illuminate\\Routing\\Router->runRoute()
#8 C:\\Development\\Laravel Development\\graffins-college-admission-portal\\vendor\\laravel\\framework\\src\\Illuminate\\Routing\\Router.php(739): Illuminate\\Routing\\Router->dispatchToRoute()
#9 C:\\Development\\Laravel Development\\graffins-college-admission-portal\\vendor\\laravel\\framework\\src\\Illuminate\\Foundation\\Http\\Kernel.php(201): Illuminate\\Routing\\Router->dispatch()
#10 C:\\Development\\Laravel Development\\graffins-college-admission-portal\\vendor\\laravel\\framework\\src\\Illuminate\\Pipeline\\Pipeline.php(170): Illuminate\\Foundation\\Http\\Kernel->{closure:Illuminate\\Foundation\\Http\\Kernel::dispatchToRouter():198}()
#11 C:\\Development\\Laravel Development\\graffins-college-admission-portal\\vendor\\laravel\\framework\\src\\Illuminate\\Foundation\\Http\\Middleware\\TransformsRequest.php(21): Illuminate\\Pipeline\\Pipeline->{closure:Illuminate\\Pipeline\\Pipeline::prepareDestination():168}()
#12 C:\\Development\\Laravel Development\\graffins-college-admission-portal\\vendor\\laravel\\framework\\src\\Illuminate\\Foundation\\Http\\Middleware\\ConvertEmptyStringsToNull.php(31): Illuminate\\Foundation\\Http\\Middleware\\TransformsRequest->handle()
#13 C:\\Development\\Laravel Development\\graffins-college-admission-portal\\vendor\\laravel\\framework\\src\\Illuminate\\Pipeline\\Pipeline.php(209): Illuminate\\Foundation\\Http\\Middleware\\ConvertEmptyStringsToNull->handle()
#14 C:\\Development\\Laravel Development\\graffins-college-admission-portal\\vendor\\laravel\\framework\\src\\Illuminate\\Foundation\\Http\\Middleware\\TransformsRequest.php(21): Illuminate\\Pipeline\\Pipeline->{closure:{closure:Illuminate\\Pipeline\\Pipeline::carry():184}:185}()
#15 C:\\Development\\Laravel Development\\graffins-college-admission-portal\\vendor\\laravel\\framework\\src\\Illuminate\\Foundation\\Http\\Middleware\\TrimStrings.php(51): Illuminate\\Foundation\\Http\\Middleware\\TransformsRequest->handle()
#16 C:\\Development\\Laravel Development\\graffins-college-admission-portal\\vendor\\laravel\\framework\\src\\Illuminate\\Pipeline\\Pipeline.php(209): Illuminate\\Foundation\\Http\\Middleware\\TrimStrings->handle()
#17 C:\\Development\\Laravel Development\\graffins-college-admission-portal\\vendor\\laravel\\framework\\src\\Illuminate\\Http\\Middleware\\ValidatePostSize.php(27): Illuminate\\Pipeline\\Pipeline->{closure:{closure:Illuminate\\Pipeline\\Pipeline::carry():184}:185}()
#18 C:\\Development\\Laravel Development\\graffins-college-admission-portal\\vendor\\laravel\\framework\\src\\Illuminate\\Pipeline\\Pipeline.php(209): Illuminate\\Http\\Middleware\\ValidatePostSize->handle()
#19 C:\\Development\\Laravel Development\\graffins-college-admission-portal\\vendor\\laravel\\framework\\src\\Illuminate\\Foundation\\Http\\Middleware\\PreventRequestsDuringMaintenance.php(110): Illuminate\\Pipeline\\Pipeline->{closure:{closure:Illuminate\\Pipeline\\Pipeline::carry():184}:185}()
#20 C:\\Development\\Laravel Development\\graffins-college-admission-portal\\vendor\\laravel\\framework\\src\\Illuminate\\Pipeline\\Pipeline.php(209): Illuminate\\Foundation\\Http\\Middleware\\PreventRequestsDuringMaintenance->handle()
#21 C:\\Development\\Laravel Development\\graffins-college-admission-portal\\vendor\\laravel\\framework\\src\\Illuminate\\Http\\Middleware\\HandleCors.php(49): Illuminate\\Pipeline\\Pipeline->{closure:{closure:Illuminate\\Pipeline\\Pipeline::carry():184}:185}()
#22 C:\\Development\\Laravel Development\\graffins-college-admission-portal\\vendor\\laravel\\framework\\src\\Illuminate\\Pipeline\\Pipeline.php(209): Illuminate\\Http\\Middleware\\HandleCors->handle()
#23 C:\\Development\\Laravel Development\\graffins-college-admission-portal\\vendor\\laravel\\framework\\src\\Illuminate\\Http\\Middleware\\TrustProxies.php(58): Illuminate\\Pipeline\\Pipeline->{closure:{closure:Illuminate\\Pipeline\\Pipeline::carry():184}:185}()
#24 C:\\Development\\Laravel Development\\graffins-college-admission-portal\\vendor\\laravel\\framework\\src\\Illuminate\\Pipeline\\Pipeline.php(209): Illuminate\\Http\\Middleware\\TrustProxies->handle()
#25 C:\\Development\\Laravel Development\\graffins-college-admission-portal\\vendor\\laravel\\framework\\src\\Illuminate\\Foundation\\Http\\Middleware\\InvokeDeferredCallbacks.php(22): Illuminate\\Pipeline\\Pipeline->{closure:{closure:Illuminate\\Pipeline\\Pipeline::carry():184}:185}()
#26 C:\\Development\\Laravel Development\\graffins-college-admission-portal\\vendor\\laravel\\framework\\src\\Illuminate\\Pipeline\\Pipeline.php(209): Illuminate\\Foundation\\Http\\Middleware\\InvokeDeferredCallbacks->handle()
#27 C:\\Development\\Laravel Development\\graffins-college-admission-portal\\vendor\\laravel\\framework\\src\\Illuminate\\Pipeline\\Pipeline.php(127): Illuminate\\Pipeline\\Pipeline->{closure:{closure:Illuminate\\Pipeline\\Pipeline::carry():184}:185}()
#28 C:\\Development\\Laravel Development\\graffins-college-admission-portal\\vendor\\laravel\\framework\\src\\Illuminate\\Foundation\\Http\\Kernel.php(176): Illuminate\\Pipeline\\Pipeline->then()
#29 C:\\Development\\Laravel Development\\graffins-college-admission-portal\\vendor\\laravel\\framework\\src\\Illuminate\\Foundation\\Http\\Kernel.php(145): Illuminate\\Foundation\\Http\\Kernel->sendRequestThroughRouter()
#30 C:\\Development\\Laravel Development\\graffins-college-admission-portal\\vendor\\laravel\\framework\\src\\Illuminate\\Foundation\\Application.php(1220): Illuminate\\Foundation\\Http\\Kernel->handle()
#31 C:\\Development\\Laravel Development\\graffins-college-admission-portal\\public\\index.php(17): Illuminate\\Foundation\\Application->handleRequest()
#32 C:\\Development\\Laravel Development\\graffins-college-admission-portal\\vendor\\laravel\\framework\\src\\Illuminate\\Foundation\\resources\\server.php(23): require_once('...')
#33 {main}
"} 
[2025-10-20 15:12:30] local.ERROR: syntax error, unexpected variable "$soapClient" {"exception":"[object] (ParseError(code: 0): syntax error, unexpected variable \"$soapClient\" at C:\\Development\\Laravel Development\\graffins-college-admission-portal\\app\\Http\\Controllers\\BusinessCentralSoapController.php:91)
[stacktrace]
#0 C:\\Development\\Laravel Development\\graffins-college-admission-portal\\vendor\\composer\\ClassLoader.php(427): {closure:Composer\\Autoload\\ClassLoader::initializeIncludeClosure():575}()
#1 [internal function]: Composer\\Autoload\\ClassLoader->loadClass()
#2 C:\\Development\\Laravel Development\\graffins-college-admission-portal\\vendor\\laravel\\framework\\src\\Illuminate\\Routing\\Route.php(1117): is_a()
#3 C:\\Development\\Laravel Development\\graffins-college-admission-portal\\vendor\\laravel\\framework\\src\\Illuminate\\Routing\\Route.php(1054): Illuminate\\Routing\\Route->controllerMiddleware()
#4 C:\\Development\\Laravel Development\\graffins-college-admission-portal\\vendor\\laravel\\framework\\src\\Illuminate\\Routing\\Router.php(820): Illuminate\\Routing\\Route->gatherMiddleware()
#5 C:\\Development\\Laravel Development\\graffins-college-admission-portal\\vendor\\laravel\\framework\\src\\Illuminate\\Routing\\Router.php(802): Illuminate\\Routing\\Router->gatherRouteMiddleware()
#6 C:\\Development\\Laravel Development\\graffins-college-admission-portal\\vendor\\laravel\\framework\\src\\Illuminate\\Routing\\Router.php(786): Illuminate\\Routing\\Router->runRouteWithinStack()
#7 C:\\Development\\Laravel Development\\graffins-college-admission-portal\\vendor\\laravel\\framework\\src\\Illuminate\\Routing\\Router.php(750): Illuminate\\Routing\\Router->runRoute()
#8 C:\\Development\\Laravel Development\\graffins-college-admission-portal\\vendor\\laravel\\framework\\src\\Illuminate\\Routing\\Router.php(739): Illuminate\\Routing\\Router->dispatchToRoute()
#9 C:\\Development\\Laravel Development\\graffins-college-admission-portal\\vendor\\laravel\\framework\\src\\Illuminate\\Foundation\\Http\\Kernel.php(201): Illuminate\\Routing\\Router->dispatch()
#10 C:\\Development\\Laravel Development\\graffins-college-admission-portal\\vendor\\laravel\\framework\\src\\Illuminate\\Pipeline\\Pipeline.php(170): Illuminate\\Foundation\\Http\\Kernel->{closure:Illuminate\\Foundation\\Http\\Kernel::dispatchToRouter():198}()
#11 C:\\Development\\Laravel Development\\graffins-college-admission-portal\\vendor\\laravel\\framework\\src\\Illuminate\\Foundation\\Http\\Middleware\\TransformsRequest.php(21): Illuminate\\Pipeline\\Pipeline->{closure:Illuminate\\Pipeline\\Pipeline::prepareDestination():168}()
#12 C:\\Development\\Laravel Development\\graffins-college-admission-portal\\vendor\\laravel\\framework\\src\\Illuminate\\Foundation\\Http\\Middleware\\ConvertEmptyStringsToNull.php(31): Illuminate\\Foundation\\Http\\Middleware\\TransformsRequest->handle()
#13 C:\\Development\\Laravel Development\\graffins-college-admission-portal\\vendor\\laravel\\framework\\src\\Illuminate\\Pipeline\\Pipeline.php(209): Illuminate\\Foundation\\Http\\Middleware\\ConvertEmptyStringsToNull->handle()
#14 C:\\Development\\Laravel Development\\graffins-college-admission-portal\\vendor\\laravel\\framework\\src\\Illuminate\\Foundation\\Http\\Middleware\\TransformsRequest.php(21): Illuminate\\Pipeline\\Pipeline->{closure:{closure:Illuminate\\Pipeline\\Pipeline::carry():184}:185}()
#15 C:\\Development\\Laravel Development\\graffins-college-admission-portal\\vendor\\laravel\\framework\\src\\Illuminate\\Foundation\\Http\\Middleware\\TrimStrings.php(51): Illuminate\\Foundation\\Http\\Middleware\\TransformsRequest->handle()
#16 C:\\Development\\Laravel Development\\graffins-college-admission-portal\\vendor\\laravel\\framework\\src\\Illuminate\\Pipeline\\Pipeline.php(209): Illuminate\\Foundation\\Http\\Middleware\\TrimStrings->handle()
#17 C:\\Development\\Laravel Development\\graffins-college-admission-portal\\vendor\\laravel\\framework\\src\\Illuminate\\Http\\Middleware\\ValidatePostSize.php(27): Illuminate\\Pipeline\\Pipeline->{closure:{closure:Illuminate\\Pipeline\\Pipeline::carry():184}:185}()
#18 C:\\Development\\Laravel Development\\graffins-college-admission-portal\\vendor\\laravel\\framework\\src\\Illuminate\\Pipeline\\Pipeline.php(209): Illuminate\\Http\\Middleware\\ValidatePostSize->handle()
#19 C:\\Development\\Laravel Development\\graffins-college-admission-portal\\vendor\\laravel\\framework\\src\\Illuminate\\Foundation\\Http\\Middleware\\PreventRequestsDuringMaintenance.php(110): Illuminate\\Pipeline\\Pipeline->{closure:{closure:Illuminate\\Pipeline\\Pipeline::carry():184}:185}()
#20 C:\\Development\\Laravel Development\\graffins-college-admission-portal\\vendor\\laravel\\framework\\src\\Illuminate\\Pipeline\\Pipeline.php(209): Illuminate\\Foundation\\Http\\Middleware\\PreventRequestsDuringMaintenance->handle()
#21 C:\\Development\\Laravel Development\\graffins-college-admission-portal\\vendor\\laravel\\framework\\src\\Illuminate\\Http\\Middleware\\HandleCors.php(49): Illuminate\\Pipeline\\Pipeline->{closure:{closure:Illuminate\\Pipeline\\Pipeline::carry():184}:185}()
#22 C:\\Development\\Laravel Development\\graffins-college-admission-portal\\vendor\\laravel\\framework\\src\\Illuminate\\Pipeline\\Pipeline.php(209): Illuminate\\Http\\Middleware\\HandleCors->handle()
#23 C:\\Development\\Laravel Development\\graffins-college-admission-portal\\vendor\\laravel\\framework\\src\\Illuminate\\Http\\Middleware\\TrustProxies.php(58): Illuminate\\Pipeline\\Pipeline->{closure:{closure:Illuminate\\Pipeline\\Pipeline::carry():184}:185}()
#24 C:\\Development\\Laravel Development\\graffins-college-admission-portal\\vendor\\laravel\\framework\\src\\Illuminate\\Pipeline\\Pipeline.php(209): Illuminate\\Http\\Middleware\\TrustProxies->handle()
#25 C:\\Development\\Laravel Development\\graffins-college-admission-portal\\vendor\\laravel\\framework\\src\\Illuminate\\Foundation\\Http\\Middleware\\InvokeDeferredCallbacks.php(22): Illuminate\\Pipeline\\Pipeline->{closure:{closure:Illuminate\\Pipeline\\Pipeline::carry():184}:185}()
#26 C:\\Development\\Laravel Development\\graffins-college-admission-portal\\vendor\\laravel\\framework\\src\\Illuminate\\Pipeline\\Pipeline.php(209): Illuminate\\Foundation\\Http\\Middleware\\InvokeDeferredCallbacks->handle()
#27 C:\\Development\\Laravel Development\\graffins-college-admission-portal\\vendor\\laravel\\framework\\src\\Illuminate\\Pipeline\\Pipeline.php(127): Illuminate\\Pipeline\\Pipeline->{closure:{closure:Illuminate\\Pipeline\\Pipeline::carry():184}:185}()
#28 C:\\Development\\Laravel Development\\graffins-college-admission-portal\\vendor\\laravel\\framework\\src\\Illuminate\\Foundation\\Http\\Kernel.php(176): Illuminate\\Pipeline\\Pipeline->then()
#29 C:\\Development\\Laravel Development\\graffins-college-admission-portal\\vendor\\laravel\\framework\\src\\Illuminate\\Foundation\\Http\\Kernel.php(145): Illuminate\\Foundation\\Http\\Kernel->sendRequestThroughRouter()
#30 C:\\Development\\Laravel Development\\graffins-college-admission-portal\\vendor\\laravel\\framework\\src\\Illuminate\\Foundation\\Application.php(1220): Illuminate\\Foundation\\Http\\Kernel->handle()
#31 C:\\Development\\Laravel Development\\graffins-college-admission-portal\\public\\index.php(17): Illuminate\\Foundation\\Application->handleRequest()
#32 C:\\Development\\Laravel Development\\graffins-college-admission-portal\\vendor\\laravel\\framework\\src\\Illuminate\\Foundation\\resources\\server.php(23): require_once('...')
#33 {main}
"} 
[2025-10-20 16:22:33] local.ERROR: syntax error, unexpected variable "$soapClient" {"exception":"[object] (ParseError(code: 0): syntax error, unexpected variable \"$soapClient\" at C:\\Development\\Laravel Development\\graffins-college-admission-portal\\app\\Http\\Controllers\\BusinessCentralSoapController.php:91)
[stacktrace]
#0 C:\\Development\\Laravel Development\\graffins-college-admission-portal\\vendor\\composer\\ClassLoader.php(427): {closure:Composer\\Autoload\\ClassLoader::initializeIncludeClosure():575}()
#1 [internal function]: Composer\\Autoload\\ClassLoader->loadClass()
#2 C:\\Development\\Laravel Development\\graffins-college-admission-portal\\vendor\\laravel\\framework\\src\\Illuminate\\Routing\\Route.php(1117): is_a()
#3 C:\\Development\\Laravel Development\\graffins-college-admission-portal\\vendor\\laravel\\framework\\src\\Illuminate\\Routing\\Route.php(1054): Illuminate\\Routing\\Route->controllerMiddleware()
#4 C:\\Development\\Laravel Development\\graffins-college-admission-portal\\vendor\\laravel\\framework\\src\\Illuminate\\Routing\\Router.php(820): Illuminate\\Routing\\Route->gatherMiddleware()
#5 C:\\Development\\Laravel Development\\graffins-college-admission-portal\\vendor\\laravel\\framework\\src\\Illuminate\\Routing\\Router.php(802): Illuminate\\Routing\\Router->gatherRouteMiddleware()
#6 C:\\Development\\Laravel Development\\graffins-college-admission-portal\\vendor\\laravel\\framework\\src\\Illuminate\\Routing\\Router.php(786): Illuminate\\Routing\\Router->runRouteWithinStack()
#7 C:\\Development\\Laravel Development\\graffins-college-admission-portal\\vendor\\laravel\\framework\\src\\Illuminate\\Routing\\Router.php(750): Illuminate\\Routing\\Router->runRoute()
#8 C:\\Development\\Laravel Development\\graffins-college-admission-portal\\vendor\\laravel\\framework\\src\\Illuminate\\Routing\\Router.php(739): Illuminate\\Routing\\Router->dispatchToRoute()
#9 C:\\Development\\Laravel Development\\graffins-college-admission-portal\\vendor\\laravel\\framework\\src\\Illuminate\\Foundation\\Http\\Kernel.php(201): Illuminate\\Routing\\Router->dispatch()
#10 C:\\Development\\Laravel Development\\graffins-college-admission-portal\\vendor\\laravel\\framework\\src\\Illuminate\\Pipeline\\Pipeline.php(170): Illuminate\\Foundation\\Http\\Kernel->{closure:Illuminate\\Foundation\\Http\\Kernel::dispatchToRouter():198}()
#11 C:\\Development\\Laravel Development\\graffins-college-admission-portal\\vendor\\laravel\\framework\\src\\Illuminate\\Foundation\\Http\\Middleware\\TransformsRequest.php(21): Illuminate\\Pipeline\\Pipeline->{closure:Illuminate\\Pipeline\\Pipeline::prepareDestination():168}()
#12 C:\\Development\\Laravel Development\\graffins-college-admission-portal\\vendor\\laravel\\framework\\src\\Illuminate\\Foundation\\Http\\Middleware\\ConvertEmptyStringsToNull.php(31): Illuminate\\Foundation\\Http\\Middleware\\TransformsRequest->handle()
#13 C:\\Development\\Laravel Development\\graffins-college-admission-portal\\vendor\\laravel\\framework\\src\\Illuminate\\Pipeline\\Pipeline.php(209): Illuminate\\Foundation\\Http\\Middleware\\ConvertEmptyStringsToNull->handle()
#14 C:\\Development\\Laravel Development\\graffins-college-admission-portal\\vendor\\laravel\\framework\\src\\Illuminate\\Foundation\\Http\\Middleware\\TransformsRequest.php(21): Illuminate\\Pipeline\\Pipeline->{closure:{closure:Illuminate\\Pipeline\\Pipeline::carry():184}:185}()
#15 C:\\Development\\Laravel Development\\graffins-college-admission-portal\\vendor\\laravel\\framework\\src\\Illuminate\\Foundation\\Http\\Middleware\\TrimStrings.php(51): Illuminate\\Foundation\\Http\\Middleware\\TransformsRequest->handle()
#16 C:\\Development\\Laravel Development\\graffins-college-admission-portal\\vendor\\laravel\\framework\\src\\Illuminate\\Pipeline\\Pipeline.php(209): Illuminate\\Foundation\\Http\\Middleware\\TrimStrings->handle()
#17 C:\\Development\\Laravel Development\\graffins-college-admission-portal\\vendor\\laravel\\framework\\src\\Illuminate\\Http\\Middleware\\ValidatePostSize.php(27): Illuminate\\Pipeline\\Pipeline->{closure:{closure:Illuminate\\Pipeline\\Pipeline::carry():184}:185}()
#18 C:\\Development\\Laravel Development\\graffins-college-admission-portal\\vendor\\laravel\\framework\\src\\Illuminate\\Pipeline\\Pipeline.php(209): Illuminate\\Http\\Middleware\\ValidatePostSize->handle()
#19 C:\\Development\\Laravel Development\\graffins-college-admission-portal\\vendor\\laravel\\framework\\src\\Illuminate\\Foundation\\Http\\Middleware\\PreventRequestsDuringMaintenance.php(110): Illuminate\\Pipeline\\Pipeline->{closure:{closure:Illuminate\\Pipeline\\Pipeline::carry():184}:185}()
#20 C:\\Development\\Laravel Development\\graffins-college-admission-portal\\vendor\\laravel\\framework\\src\\Illuminate\\Pipeline\\Pipeline.php(209): Illuminate\\Foundation\\Http\\Middleware\\PreventRequestsDuringMaintenance->handle()
#21 C:\\Development\\Laravel Development\\graffins-college-admission-portal\\vendor\\laravel\\framework\\src\\Illuminate\\Http\\Middleware\\HandleCors.php(49): Illuminate\\Pipeline\\Pipeline->{closure:{closure:Illuminate\\Pipeline\\Pipeline::carry():184}:185}()
#22 C:\\Development\\Laravel Development\\graffins-college-admission-portal\\vendor\\laravel\\framework\\src\\Illuminate\\Pipeline\\Pipeline.php(209): Illuminate\\Http\\Middleware\\HandleCors->handle()
#23 C:\\Development\\Laravel Development\\graffins-college-admission-portal\\vendor\\laravel\\framework\\src\\Illuminate\\Http\\Middleware\\TrustProxies.php(58): Illuminate\\Pipeline\\Pipeline->{closure:{closure:Illuminate\\Pipeline\\Pipeline::carry():184}:185}()
#24 C:\\Development\\Laravel Development\\graffins-college-admission-portal\\vendor\\laravel\\framework\\src\\Illuminate\\Pipeline\\Pipeline.php(209): Illuminate\\Http\\Middleware\\TrustProxies->handle()
#25 C:\\Development\\Laravel Development\\graffins-college-admission-portal\\vendor\\laravel\\framework\\src\\Illuminate\\Foundation\\Http\\Middleware\\InvokeDeferredCallbacks.php(22): Illuminate\\Pipeline\\Pipeline->{closure:{closure:Illuminate\\Pipeline\\Pipeline::carry():184}:185}()
#26 C:\\Development\\Laravel Development\\graffins-college-admission-portal\\vendor\\laravel\\framework\\src\\Illuminate\\Pipeline\\Pipeline.php(209): Illuminate\\Foundation\\Http\\Middleware\\InvokeDeferredCallbacks->handle()
#27 C:\\Development\\Laravel Development\\graffins-college-admission-portal\\vendor\\laravel\\framework\\src\\Illuminate\\Pipeline\\Pipeline.php(127): Illuminate\\Pipeline\\Pipeline->{closure:{closure:Illuminate\\Pipeline\\Pipeline::carry():184}:185}()
#28 C:\\Development\\Laravel Development\\graffins-college-admission-portal\\vendor\\laravel\\framework\\src\\Illuminate\\Foundation\\Http\\Kernel.php(176): Illuminate\\Pipeline\\Pipeline->then()
#29 C:\\Development\\Laravel Development\\graffins-college-admission-portal\\vendor\\laravel\\framework\\src\\Illuminate\\Foundation\\Http\\Kernel.php(145): Illuminate\\Foundation\\Http\\Kernel->sendRequestThroughRouter()
#30 C:\\Development\\Laravel Development\\graffins-college-admission-portal\\vendor\\laravel\\framework\\src\\Illuminate\\Foundation\\Application.php(1220): Illuminate\\Foundation\\Http\\Kernel->handle()
#31 C:\\Development\\Laravel Development\\graffins-college-admission-portal\\public\\index.php(17): Illuminate\\Foundation\\Application->handleRequest()
#32 C:\\Development\\Laravel Development\\graffins-college-admission-portal\\vendor\\laravel\\framework\\src\\Illuminate\\Foundation\\resources\\server.php(23): require_once('...')
#33 {main}
"} 
[2025-10-20 16:24:31] local.ERROR: Maximum execution time of 30 seconds exceeded {"userId":1,"exception":"[object] (Symfony\\Component\\ErrorHandler\\Error\\FatalError(code: 0): Maximum execution time of 30 seconds exceeded at C:\\Development\\Laravel Development\\graffins-college-admission-portal\\app\\Http\\Controllers\\BusinessCentralSoapController.php:90)
[stacktrace]
#0 {main}
"} 
