[2025-10-21 17:17:35] local.ERROR: [2025-10-21 17:17:35] Creating Application in Business central took took 5878.82 ms  
[2025-10-21 17:17:40] local.ERROR: [2025-10-21 17:17:40] Inserting Emergency Contacts in Business central took  took 4031.68 ms  
[2025-10-21 17:17:45] local.ERROR: [2025-10-21 17:17:45] Insertng Course details in Business central took took 3676.3 ms  
[2025-10-21 17:17:53] local.ERROR: [2025-10-21 17:17:53] Converting Application to customer in Business central took took 7455.34 ms  
[2025-10-21 18:24:33] local.ERROR: [2025-10-21 18:24:33] Creating Application in Business central took took 4138.37 ms  
[2025-10-21 18:24:38] local.ERROR: [2025-10-21 18:24:38] Inserting Emergency Contacts in Business central took  took 3889.04 ms  
[2025-10-21 18:24:42] local.ERROR: [2025-10-21 18:24:42] Insertng Course details in Business central took took 3687.69 ms  
[2025-10-21 18:24:48] local.ERROR: [2025-10-21 18:24:48] Converting Application to customer in Business central took took 5324.77 ms  
[2025-10-22 07:46:18] local.ERROR: [2025-10-22 07:46:18] Creating Application in Business central took took 3670.2 ms  
[2025-10-22 07:46:21] local.ERROR: [2025-10-22 07:46:21] Inserting Emergency Contacts in Business central took  took 3460.37 ms  
[2025-10-22 07:46:24] local.ERROR: [2025-10-22 07:46:24] Insertng Course details in Business central took took 2725.82 ms  
[2025-10-22 07:46:57] local.ERROR: [2025-10-22 07:46:57] Creating Application in Business central took took 3858.42 ms  
[2025-10-22 07:47:00] local.ERROR: [2025-10-22 07:47:00] Inserting Emergency Contacts in Business central took  took 2254.5 ms  
[2025-10-22 07:47:03] local.ERROR: [2025-10-22 07:47:03] Insertng Course details in Business central took took 3037.45 ms  
[2025-10-22 07:47:06] local.ERROR: [2025-10-22 07:47:06] Converting Application to customer in Business central took took 2842.19 ms  
[2025-10-22 07:49:31] local.ERROR: [2025-10-22 07:49:31] Creating Application in Business central took took 2442.16 ms  
[2025-10-22 07:49:35] local.ERROR: [2025-10-22 07:49:35] Inserting Emergency Contacts in Business central took  took 3014.02 ms  
[2025-10-22 07:49:38] local.ERROR: [2025-10-22 07:49:38] Creating Application in Business central took took 3496.19 ms  
[2025-10-22 07:49:42] local.ERROR: [2025-10-22 07:49:42] Inserting Emergency Contacts in Business central took  took 2998.46 ms  
[2025-10-22 07:49:44] local.ERROR: [2025-10-22 07:49:44] Insertng Course details in Business central took took 2100.98 ms  
[2025-10-22 07:49:47] local.ERROR: [2025-10-22 07:49:47] Converting Application to customer in Business central took took 2698.04 ms  
[2025-10-22 07:56:30] local.ERROR: [2025-10-22 07:56:30] getting Students from ERP took 895.03 ms  
